\BOOKMARK [1][-]{section.1}{Introduction}{}% 1
\BOOKMARK [1][-]{section.2}{Problem Formulation}{}% 2
\BOOKMARK [1][-]{section.3}{Solver Interface}{}% 3
\BOOKMARK [1][-]{section.4}{Software Structure}{}% 4
\BOOKMARK [2][-]{subsection.4.1}{Solving the Local NLPs}{section.4}% 5
\BOOKMARK [3][-]{subsubsection.4.1.1}{Active Set Detection}{subsection.4.1}% 6
\BOOKMARK [3][-]{subsubsection.4.1.2}{Solving Local NLPs Efficiently}{subsection.4.1}% 7
\BOOKMARK [2][-]{subsection.4.2}{Coordination QP}{section.4}% 8
\BOOKMARK [2][-]{subsection.4.3}{Regularization}{section.4}% 9
\BOOKMARK [2][-]{subsection.4.4}{The solveQP Subroutine}{section.4}% 10
\BOOKMARK [2][-]{subsection.4.5}{The solveQPdec Subroutine}{section.4}% 11
\BOOKMARK [2][-]{subsection.4.6}{Experimental Features}{section.4}% 12
\BOOKMARK [3][-]{subsubsection.4.6.1}{Line Search}{subsection.4.6}% 13
\BOOKMARK [3][-]{subsubsection.4.6.2}{Lambda Initialization}{subsection.4.6}% 14
\BOOKMARK [3][-]{subsubsection.4.6.3}{i=Hi}{subsection.4.6}% 15
\BOOKMARK [3][-]{subsubsection.4.6.4}{Nonlinear Slacks}{subsection.4.6}% 16
\BOOKMARK [1][-]{section.5}{Numerical Examples}{}% 17
\BOOKMARK [2][-]{subsection.5.1}{Problem Setup with Different Tools}{section.5}% 18
\BOOKMARK [3][-]{subsubsection.5.1.1}{MATLAB Symbolic}{subsection.5.1}% 19
\BOOKMARK [3][-]{subsubsection.5.1.2}{MATLAB Functions}{subsection.5.1}% 20
\BOOKMARK [3][-]{subsubsection.5.1.3}{CasADi Symbolic}{subsection.5.1}% 21
\BOOKMARK [2][-]{subsection.5.2}{Using ALADIN for MPC}{section.5}% 22
\BOOKMARK [2][-]{subsection.5.3}{Using ALADIN for OPF}{section.5}% 23
\BOOKMARK [3][-]{subsubsection.5.3.1}{Particular Numerical Issues in OPF}{subsection.5.3}% 24
\BOOKMARK [1][-]{section.6}{Known Numerical Issues}{}% 25
\BOOKMARK [2][-]{subsection.6.1}{Cycling}{section.6}% 26
\BOOKMARK [1][-]{appendix.A}{Additional Code}{}% 27
\BOOKMARK [2][-]{subsection.A.1}{The run\137ADMM routine}{appendix.A}% 28
\BOOKMARK [1][-]{appendix.B}{Problem Reformulations}{}% 29
\BOOKMARK [2][-]{subsection.B.1}{Consensus Reformulations in Form of \(1\)}{appendix.B}% 30
